::1 - - [30/Nov/2015:08:36:53 +0100] "GET /phpmyadmin HTTP/1.1" 301 241
::1 - - [30/Nov/2015:08:36:53 +0100] "GET /phpmyadmin/ HTTP/1.1" 200 7945
::1 - - [30/Nov/2015:08:36:56 +0100] "GET /phpmyadmin/themes/pmahomme/img/logo_right.png HTTP/1.1" 304 -
::1 - - [30/Nov/2015:08:36:56 +0100] "GET /phpmyadmin/themes/pmahomme/jquery/jquery-ui-1.9.2.custom.css HTTP/1.1" 304 -
::1 - - [30/Nov/2015:08:36:56 +0100] "GET /phpmyadmin/js/messages.php?lang=en&db=&server=0&token=1819ca3098f09399660b4033410eb9ef HTTP/1.1" 200 16674
::1 - - [30/Nov/2015:08:36:56 +0100] "GET /phpmyadmin/js/get_image.js.php?theme=pmahomme HTTP/1.1" 200 6263
::1 - - [30/Nov/2015:08:36:57 +0100] "GET /phpmyadmin/themes/dot.gif HTTP/1.1" 304 -
::1 - - [30/Nov/2015:08:36:56 +0100] "GET /phpmyadmin/phpmyadmin.css.php?server=1&token=7c654a06f95f411c9d69d4d01e119491&nocache=4344809540ltr HTTP/1.1" 200 88608
::1 - - [30/Nov/2015:08:36:56 +0100] "GET /phpmyadmin/js/get_scripts.js.php?scripts[]=jquery/jquery-1.8.3.js&scripts[]=ajax.js&scripts[]=keyhandler.js&scripts[]=jquery/jquery-ui-1.9.2.custom.js&scripts[]=jquery/jquery.sprintf.js&scripts[]=jquery/jquery.cookie.js&scripts[]=jquery/jquery.mousewheel.js&scripts[]=jquery/jquery.event.drag-2.2.js&scripts[]=jquery/jquery-ui-timepicker-addon.js&scripts[]=jquery/jquery.ba-hashchange-1.3.js&scripts[]=jquery/jquery.debounce-1.0.5.js&scripts[]=jquery/jquery.menuResizer-1.0.js&scripts[]=rte.js&scripts[]=functions.js&scripts[]=navigation.js&scripts[]=indexes.js&scripts[]=common.js&scripts[]=codemirror/lib/codemirror.js&scripts[]=codemirror/mode/mysql/mysql.js HTTP/1.1" 200 578562
::1 - - [30/Nov/2015:08:36:58 +0100] "GET /phpmyadmin/themes/pmahomme/img/sprites.png HTTP/1.1" 304 -
::1 - - [30/Nov/2015:08:37:02 +0100] "POST /phpmyadmin/index.php HTTP/1.1" 302 -
::1 - - [30/Nov/2015:08:37:02 +0100] "GET /phpmyadmin/index.php?token=7c654a06f95f411c9d69d4d01e119491 HTTP/1.1" 200 43693
::1 - - [30/Nov/2015:08:37:04 +0100] "GET /phpmyadmin/themes/pmahomme/img/logo_left.png HTTP/1.1" 304 -
::1 - - [30/Nov/2015:08:37:04 +0100] "GET /phpmyadmin/phpmyadmin.css.php?server=1&token=7c654a06f95f411c9d69d4d01e119491&nocache=5793678563ltr HTTP/1.1" 200 88608
::1 - - [30/Nov/2015:08:37:04 +0100] "GET /phpmyadmin/js/messages.php?lang=en&db=&server=0&token=7c654a06f95f411c9d69d4d01e119491 HTTP/1.1" 200 16674
::1 - - [30/Nov/2015:08:37:04 +0100] "GET /phpmyadmin/themes/pmahomme/img/ajax_clock_small.gif HTTP/1.1" 304 -
::1 - - [30/Nov/2015:08:37:04 +0100] "GET /phpmyadmin/themes/pmahomme/img/left_nav_bg.png HTTP/1.1" 304 -
::1 - - [30/Nov/2015:08:37:04 +0100] "GET /phpmyadmin/version_check.php?&_nocache=1448869024499186610 HTTP/1.1" 200 39
::1 - - [30/Nov/2015:08:57:51 +0100] "GET /phpmyadmin/navigation.php?ajax_request=1&token=7c654a06f95f411c9d69d4d01e119491&aPath=cm9vdA%3D%3D.dml2ZXNnb2Fs&vPath=cm9vdA%3D%3D.dml2ZXNnb2Fs&pos=0&pos2_name=&pos2_value=&searchClause=&searchClause2=&_nocache=1448870271062397968 HTTP/1.1" 200 2915
::1 - - [30/Nov/2015:08:58:43 +0100] "GET /phpmyadmin/db_structure.php?server=1&db=vivesgoal&token=7c654a06f95f411c9d69d4d01e119491&ajax_request=true&ajax_page_request=true&menuHashes=8fff7c11&_nocache=1448870323956350872 HTTP/1.1" 200 18043
::1 - - [30/Nov/2015:08:58:44 +0100] "GET /phpmyadmin/themes/pmahomme/img/arrow_ltr.png HTTP/1.1" 304 -
::1 - - [30/Nov/2015:08:58:44 +0100] "GET /phpmyadmin/js/get_scripts.js.php?scripts[]=db_structure.js&scripts[]=tbl_change.js HTTP/1.1" 200 12382
::1 - - [30/Nov/2015:08:58:53 +0100] "GET /phpmyadmin/themes/pmahomme/jquery/images/ui-bg_flat_75_ffffff_40x100.png HTTP/1.1" 304 -
::1 - - [30/Nov/2015:08:58:53 +0100] "GET /phpmyadmin/themes/pmahomme/jquery/images/ui-bg_glass_75_e6e6e6_1x400.png HTTP/1.1" 304 -
::1 - - [30/Nov/2015:08:58:53 +0100] "GET /phpmyadmin/themes/pmahomme/jquery/images/ui-icons_222222_256x240.png HTTP/1.1" 304 -
::1 - - [30/Nov/2015:08:58:53 +0100] "GET /phpmyadmin/themes/pmahomme/jquery/images/ui-bg_highlight-soft_75_cccccc_1x100.png HTTP/1.1" 304 -
::1 - - [30/Nov/2015:08:58:53 +0100] "GET /phpmyadmin/themes/pmahomme/jquery/images/ui-bg_flat_0_aaaaaa_40x100.png HTTP/1.1" 304 -
::1 - - [30/Nov/2015:08:58:53 +0100] "GET /phpmyadmin/themes/pmahomme/jquery/images/ui-bg_glass_75_dadada_1x400.png HTTP/1.1" 304 -
::1 - - [30/Nov/2015:08:58:54 +0100] "GET /phpmyadmin/themes/pmahomme/jquery/images/ui-bg_glass_65_ffffff_1x400.png HTTP/1.1" 304 -
::1 - - [30/Nov/2015:08:58:54 +0100] "GET /phpmyadmin/sql.php?db=vivesgoal&token=7c654a06f95f411c9d69d4d01e119491&goto=db_structure.php&table=persoon&reload=1&purge=1&sql_query=DROP+TABLE+%60persoon%60&message_to_show=Table+persoon+has+been+dropped&is_js_confirmed=1&ajax_request=true&_nocache=1448870334360279308 HTTP/1.1" 200 1802
::1 - - [30/Nov/2015:08:58:55 +0100] "POST /phpmyadmin/navigation.php?ajax_request=1&token=7c654a06f95f411c9d69d4d01e119491 HTTP/1.1" 200 4076
::1 - - [30/Nov/2015:08:58:56 +0100] "GET /phpmyadmin/sql.php?db=vivesgoal&token=7c654a06f95f411c9d69d4d01e119491&goto=db_structure.php&table=ploeg&reload=1&purge=1&sql_query=DROP+TABLE+%60ploeg%60&message_to_show=Table+ploeg+has+been+dropped&is_js_confirmed=1&ajax_request=true&_nocache=1448870336656632504 HTTP/1.1" 200 1786
::1 - - [30/Nov/2015:08:58:56 +0100] "POST /phpmyadmin/navigation.php?ajax_request=1&token=7c654a06f95f411c9d69d4d01e119491 HTTP/1.1" 200 3309
::1 - - [30/Nov/2015:08:58:58 +0100] "GET /phpmyadmin/sql.php?db=vivesgoal&token=7c654a06f95f411c9d69d4d01e119491&goto=db_structure.php&table=ploegpersoon&reload=1&purge=1&sql_query=DROP+TABLE+%60ploegpersoon%60&message_to_show=Table+ploegpersoon+has+been+dropped&is_js_confirmed=1&ajax_request=true&_nocache=1448870338795480174 HTTP/1.1" 200 1842
::1 - - [30/Nov/2015:08:58:59 +0100] "POST /phpmyadmin/navigation.php?ajax_request=1&token=7c654a06f95f411c9d69d4d01e119491 HTTP/1.1" 200 1894
::1 - - [30/Nov/2015:08:59:00 +0100] "GET /phpmyadmin/db_structure.php?server=1&db=vivesgoal&token=7c654a06f95f411c9d69d4d01e119491&ajax_request=true&ajax_page_request=true&menuHashes=8fff7c11-7ec41276&_nocache=1448870340641720548 HTTP/1.1" 200 2451
::1 - - [30/Nov/2015:08:59:02 +0100] "GET /phpmyadmin/db_sql.php?db=vivesgoal&token=7c654a06f95f411c9d69d4d01e119491&db_query_force=1&ajax_request=true&ajax_page_request=true&menuHashes=8fff7c11-7ec41276&_nocache=1448870342779350190 HTTP/1.1" 200 7078
::1 - - [30/Nov/2015:08:59:02 +0100] "GET /phpmyadmin/js/get_scripts.js.php?scripts[]=makegrid.js&scripts[]=sql.js HTTP/1.1" 200 35099
::1 - - [30/Nov/2015:08:59:10 +0100] "POST /phpmyadmin/import.php HTTP/1.1" 200 4455
::1 - - [30/Nov/2015:08:59:19 +0100] "GET /phpmyadmin/db_structure.php?server=1&db=vivesgoal&token=7c654a06f95f411c9d69d4d01e119491&ajax_request=true&ajax_page_request=true&menuHashes=8fff7c11-7ec41276-ef2b0d92&_nocache=144887035952426630 HTTP/1.1" 200 12095
::1 - - [30/Nov/2015:08:59:21 +0100] "POST /phpmyadmin/navigation.php?ajax_request=1&token=7c654a06f95f411c9d69d4d01e119491 HTTP/1.1" 200 4053
::1 - - [30/Nov/2015:08:59:40 +0100] "GET /phpmyadmin/navigation.php?ajax_request=1&token=7c654a06f95f411c9d69d4d01e119491&aPath=cm9vdA%3D%3D.dml2ZXNnb2Fs.dGFibGVz.cGxvZWc%3D&vPath=cm9vdA%3D%3D.dml2ZXNnb2Fs.VGFibGVz.cGxvZWc%3D&pos=0&pos2_name=tables&pos2_value=0&searchClause=&searchClause2=&_nocache=1448870380678762118 HTTP/1.1" 200 3407
::1 - - [30/Nov/2015:08:59:42 +0100] "GET /phpmyadmin/navigation.php?ajax_request=1&token=7c654a06f95f411c9d69d4d01e119491&aPath=cm9vdA%3D%3D.dml2ZXNnb2Fs.dGFibGVz.cGxvZWc%3D.Y29sdW1ucw%3D%3D&vPath=cm9vdA%3D%3D.dml2ZXNnb2Fs.VGFibGVz.cGxvZWc%3D.Q29sdW1ucw%3D%3D&pos=0&pos2_name=tables&pos2_value=0&searchClause=&searchClause2=&_nocache=1448870382244990214 HTTP/1.1" 200 3262
::1 - - [30/Nov/2015:09:00:03 +0100] "GET /phpmyadmin/navigation.php?ajax_request=1&token=7c654a06f95f411c9d69d4d01e119491&aPath=cm9vdA%3D%3D.dml2ZXNnb2Fs.dGFibGVz.cGVyc29vbg%3D%3D&vPath=cm9vdA%3D%3D.dml2ZXNnb2Fs.VGFibGVz.cGVyc29vbg%3D%3D&pos=0&pos2_name=tables&pos2_value=0&searchClause=&searchClause2=&_nocache=1448870403238585215 HTTP/1.1" 200 3439
::1 - - [30/Nov/2015:09:00:05 +0100] "GET /phpmyadmin/navigation.php?ajax_request=1&token=7c654a06f95f411c9d69d4d01e119491&aPath=cm9vdA%3D%3D.dml2ZXNnb2Fs.dGFibGVz.cGVyc29vbg%3D%3D.Y29sdW1ucw%3D%3D&vPath=cm9vdA%3D%3D.dml2ZXNnb2Fs.VGFibGVz.cGVyc29vbg%3D%3D.Q29sdW1ucw%3D%3D&pos=0&pos2_name=tables&pos2_value=0&searchClause=&searchClause2=&_nocache=1448870405046519981 HTTP/1.1" 200 5214
::1 - - [30/Nov/2015:09:30:24 +0100] "GET /phpmyadmin/tbl_structure.php?server=1&db=vivesgoal&table=persoon&field=isTrainer&change_column=1&token=7c654a06f95f411c9d69d4d01e119491&ajax_request=true&ajax_page_request=true&menuHashes=8fff7c11-7ec41276-ef2b0d92&_nocache=1448872224040287810 HTTP/1.1" 200 292
::1 - - [30/Nov/2015:09:30:33 +0100] "GET /phpmyadmin/index.php?token=7c654a06f95f411c9d69d4d01e119491 HTTP/1.1" 200 8091
::1 - - [30/Nov/2015:09:30:33 +0100] "GET /phpmyadmin/themes/pmahomme/jquery/jquery-ui-1.9.2.custom.css HTTP/1.1" 304 -
::1 - - [30/Nov/2015:09:30:33 +0100] "GET /phpmyadmin/themes/pmahomme/img/logo_right.png HTTP/1.1" 304 -
::1 - - [30/Nov/2015:09:30:33 +0100] "GET /phpmyadmin/js/get_scripts.js.php?scripts[]=jquery/jquery-1.8.3.js&scripts[]=ajax.js&scripts[]=keyhandler.js&scripts[]=jquery/jquery-ui-1.9.2.custom.js&scripts[]=jquery/jquery.sprintf.js&scripts[]=jquery/jquery.cookie.js&scripts[]=jquery/jquery.mousewheel.js&scripts[]=jquery/jquery.event.drag-2.2.js&scripts[]=jquery/jquery-ui-timepicker-addon.js&scripts[]=jquery/jquery.ba-hashchange-1.3.js&scripts[]=jquery/jquery.debounce-1.0.5.js&scripts[]=jquery/jquery.menuResizer-1.0.js&scripts[]=rte.js&scripts[]=functions.js&scripts[]=navigation.js&scripts[]=indexes.js&scripts[]=common.js&scripts[]=codemirror/lib/codemirror.js&scripts[]=codemirror/mode/mysql/mysql.js HTTP/1.1" 200 578562
::1 - - [30/Nov/2015:09:30:33 +0100] "GET /phpmyadmin/phpmyadmin.css.php?server=1&token=7c654a06f95f411c9d69d4d01e119491&nocache=4344809540ltr HTTP/1.1" 200 88608
::1 - - [30/Nov/2015:09:30:33 +0100] "GET /phpmyadmin/js/messages.php?lang=en&db=&server=0&token=7c654a06f95f411c9d69d4d01e119491 HTTP/1.1" 200 16674
::1 - - [30/Nov/2015:09:30:33 +0100] "GET /phpmyadmin/js/get_image.js.php?theme=pmahomme HTTP/1.1" 200 6263
::1 - - [30/Nov/2015:09:30:33 +0100] "GET /phpmyadmin/themes/dot.gif HTTP/1.1" 304 -
::1 - - [30/Nov/2015:09:30:33 +0100] "GET /phpmyadmin/db_structure.php?db=vivesgoal&table=&server=1&target=&token=7c654a06f95f411c9d69d4d01e119491 HTTP/1.1" 200 8150
::1 - - [30/Nov/2015:09:30:33 +0100] "GET /phpmyadmin/js/messages.php?lang=en&db=vivesgoal&token=7c654a06f95f411c9d69d4d01e119491 HTTP/1.1" 200 16674
::1 - - [30/Nov/2015:09:30:37 +0100] "POST /phpmyadmin/index.php HTTP/1.1" 302 -
::1 - - [30/Nov/2015:09:30:37 +0100] "GET /phpmyadmin/index.php?db=vivesgoal&target=db_structure.php&token=7c654a06f95f411c9d69d4d01e119491 HTTP/1.1" 200 22089
::1 - - [30/Nov/2015:09:30:37 +0100] "GET /phpmyadmin/js/get_scripts.js.php?scripts[]=jquery/jquery-1.8.3.js&scripts[]=ajax.js&scripts[]=keyhandler.js&scripts[]=jquery/jquery-ui-1.9.2.custom.js&scripts[]=jquery/jquery.sprintf.js&scripts[]=jquery/jquery.cookie.js&scripts[]=jquery/jquery.mousewheel.js&scripts[]=jquery/jquery.event.drag-2.2.js&scripts[]=jquery/jquery-ui-timepicker-addon.js&scripts[]=jquery/jquery.ba-hashchange-1.3.js&scripts[]=jquery/jquery.debounce-1.0.5.js&scripts[]=jquery/jquery.menuResizer-1.0.js&scripts[]=rte.js&scripts[]=functions.js&scripts[]=navigation.js&scripts[]=indexes.js&scripts[]=common.js&scripts[]=db_structure.js&scripts[]=tbl_change.js&scripts[]=codemirror/lib/codemirror.js&scripts[]=codemirror/mode/mysql/mysql.js HTTP/1.1" 200 590944
::1 - - [30/Nov/2015:09:30:37 +0100] "GET /phpmyadmin/js/messages.php?lang=en&db=vivesgoal&server=0&token=7c654a06f95f411c9d69d4d01e119491 HTTP/1.1" 200 16674
::1 - - [30/Nov/2015:09:33:52 +0100] "GET /phpmyadmin/navigation.php?ajax_request=1&token=7c654a06f95f411c9d69d4d01e119491&aPath=cm9vdA%3D%3D.dml2ZXNnb2Fs&vPath=cm9vdA%3D%3D.dml2ZXNnb2Fs&pos=0&pos2_name=&pos2_value=&searchClause=&searchClause2=&_nocache=1448872432083791393 HTTP/1.1" 200 2111
::1 - - [30/Nov/2015:09:33:53 +0100] "GET /phpmyadmin/navigation.php?ajax_request=1&token=7c654a06f95f411c9d69d4d01e119491&aPath=cm9vdA%3D%3D.dml2ZXNnb2Fs.dGFibGVz.cGVyc29vbg%3D%3D&vPath=cm9vdA%3D%3D.dml2ZXNnb2Fs.VGFibGVz.cGVyc29vbg%3D%3D&pos=0&pos2_name=tables&pos2_value=0&searchClause=&searchClause2=&_nocache=1448872433403809606 HTTP/1.1" 200 3439
::1 - - [30/Nov/2015:09:33:54 +0100] "GET /phpmyadmin/navigation.php?ajax_request=1&token=7c654a06f95f411c9d69d4d01e119491&aPath=cm9vdA%3D%3D.dml2ZXNnb2Fs.dGFibGVz.cGVyc29vbg%3D%3D.Y29sdW1ucw%3D%3D&vPath=cm9vdA%3D%3D.dml2ZXNnb2Fs.VGFibGVz.cGVyc29vbg%3D%3D.Q29sdW1ucw%3D%3D&pos=0&pos2_name=tables&pos2_value=0&searchClause=&searchClause2=&_nocache=1448872434869320692 HTTP/1.1" 200 5214
::1 - - [30/Nov/2015:09:45:38 +0100] "GET /phpmyadmin/navigation.php?ajax_request=1&token=7c654a06f95f411c9d69d4d01e119491&aPath=cm9vdA%3D%3D.dml2ZXNnb2Fs.dGFibGVz.cGxvZWc%3D&vPath=cm9vdA%3D%3D.dml2ZXNnb2Fs.VGFibGVz.cGxvZWc%3D&pos=0&pos2_name=tables&pos2_value=0&searchClause=&searchClause2=&_nocache=144887313848259896 HTTP/1.1" 200 3407
::1 - - [30/Nov/2015:09:45:40 +0100] "GET /phpmyadmin/navigation.php?ajax_request=1&token=7c654a06f95f411c9d69d4d01e119491&aPath=cm9vdA%3D%3D.dml2ZXNnb2Fs.dGFibGVz.cGxvZWc%3D.Y29sdW1ucw%3D%3D&vPath=cm9vdA%3D%3D.dml2ZXNnb2Fs.VGFibGVz.cGxvZWc%3D.Q29sdW1ucw%3D%3D&pos=0&pos2_name=tables&pos2_value=0&searchClause=&searchClause2=&_nocache=1448873140021918406 HTTP/1.1" 200 3262
::1 - - [30/Nov/2015:09:58:52 +0100] "GET /phpmyadmin/sql.php?server=1&db=vivesgoal&table=persoon&pos=0&token=7c654a06f95f411c9d69d4d01e119491&ajax_request=true&ajax_page_request=true&menuHashes=a8ecfd71&_nocache=1448873932944696288 HTTP/1.1" 200 73174
::1 - - [30/Nov/2015:09:58:53 +0100] "GET /phpmyadmin/themes/pmahomme/img/s_fulltext.png HTTP/1.1" 304 -
::1 - - [30/Nov/2015:09:58:53 +0100] "GET /phpmyadmin/js/get_scripts.js.php?scripts[]=tbl_structure.js&scripts[]=gis_data_editor.js&scripts[]=makegrid.js&scripts[]=sql.js HTTP/1.1" 200 50287
::1 - - [30/Nov/2015:09:58:53 +0100] "GET /phpmyadmin/index.php?ajax_request=1&recent_table=1&token=7c654a06f95f411c9d69d4d01e119491 HTTP/1.1" 200 216
::1 - - [30/Nov/2015:09:58:53 +0100] "GET /phpmyadmin/themes/pmahomme/img/col_pointer.png HTTP/1.1" 304 -
::1 - - [30/Nov/2015:09:58:53 +0100] "GET /phpmyadmin/themes/pmahomme/img/col_drop.png HTTP/1.1" 304 -
::1 - - [30/Nov/2015:09:58:54 +0100] "GET /phpmyadmin/sql.php?server=1&db=vivesgoal&table=persoon&pos=0&token=7c654a06f95f411c9d69d4d01e119491&ajax_request=true&ajax_page_request=true&menuHashes=a8ecfd71-6e4a69dd&_nocache=1448873934091789770 HTTP/1.1" 200 70117
::1 - - [30/Nov/2015:09:58:54 +0100] "GET /phpmyadmin/index.php?ajax_request=1&recent_table=1&token=7c654a06f95f411c9d69d4d01e119491 HTTP/1.1" 200 216
::1 - - [30/Nov/2015:09:58:59 +0100] "POST /phpmyadmin/tbl_row_action.php HTTP/1.1" 200 18674
::1 - - [30/Nov/2015:09:58:59 +0100] "GET /phpmyadmin/index.php?ajax_request=1&recent_table=1&token=7c654a06f95f411c9d69d4d01e119491 HTTP/1.1" 200 216
::1 - - [30/Nov/2015:09:59:01 +0100] "POST /phpmyadmin/tbl_row_action.php HTTP/1.1" 302 10255
::1 - - [30/Nov/2015:09:59:02 +0100] "GET /phpmyadmin/tbl_structure.php?db=vivesgoal&table=persoon&token=7c654a06f95f411c9d69d4d01e119491&sql_query=SELECT+%2A+FROM+%60persoon%60&message=%3Cimg+src%3D%22themes%2Fdot.gif%22+title%3D%22%22+alt%3D%22%22+class%3D%22icon+ic_s_success%22+%2F%3E+MySQL+returned+an+empty+result+set+%28i.e.+zero+rows%29.+%28Query+took+0.0003+sec%29 HTTP/1.1" 200 49092
::1 - - [30/Nov/2015:09:59:09 +0100] "GET /phpmyadmin/navigation.php?ajax_request=1&token=7c654a06f95f411c9d69d4d01e119491&aPath=cm9vdA%3D%3D.dml2ZXNnb2Fs&vPath=cm9vdA%3D%3D.dml2ZXNnb2Fs&pos=0&pos2_name=&pos2_value=&searchClause=&searchClause2=&_nocache=1448873949855385291 HTTP/1.1" 200 2111
::1 - - [30/Nov/2015:09:59:10 +0100] "GET /phpmyadmin/sql.php?server=1&db=vivesgoal&table=persoon&pos=0&token=7c654a06f95f411c9d69d4d01e119491&ajax_request=true&ajax_page_request=true&_nocache=1448873950799812414 HTTP/1.1" 200 10247
::1 - - [30/Nov/2015:09:59:10 +0100] "GET /phpmyadmin/js/get_scripts.js.php?scripts[]=tbl_change.js&scripts[]=tbl_structure.js&scripts[]=gis_data_editor.js HTTP/1.1" 200 22203
::1 - - [30/Nov/2015:09:59:10 +0100] "GET /phpmyadmin/index.php?ajax_request=1&recent_table=1&token=7c654a06f95f411c9d69d4d01e119491 HTTP/1.1" 200 216
::1 - - [30/Nov/2015:09:59:12 +0100] "GET /phpmyadmin/sql.php?server=1&db=vivesgoal&table=ploeg&pos=0&token=7c654a06f95f411c9d69d4d01e119491&ajax_request=true&ajax_page_request=true&menuHashes=6e4a69dd&_nocache=1448873952150569650 HTTP/1.1" 200 10167
::1 - - [30/Nov/2015:09:59:12 +0100] "GET /phpmyadmin/index.php?ajax_request=1&recent_table=1&token=7c654a06f95f411c9d69d4d01e119491 HTTP/1.1" 200 338
::1 - - [30/Nov/2015:09:59:13 +0100] "GET /phpmyadmin/sql.php?server=1&db=vivesgoal&table=persoon&pos=0&token=7c654a06f95f411c9d69d4d01e119491&ajax_request=true&ajax_page_request=true&menuHashes=6e4a69dd-eb220893&_nocache=1448873953554191441 HTTP/1.1" 200 7190
::1 - - [30/Nov/2015:09:59:13 +0100] "GET /phpmyadmin/index.php?ajax_request=1&recent_table=1&token=7c654a06f95f411c9d69d4d01e119491 HTTP/1.1" 200 338
::1 - - [30/Nov/2015:09:59:14 +0100] "GET /phpmyadmin/sql.php?server=1&db=vivesgoal&table=ploeg&pos=0&token=7c654a06f95f411c9d69d4d01e119491&ajax_request=true&ajax_page_request=true&menuHashes=6e4a69dd-eb220893&_nocache=1448873954159761500 HTTP/1.1" 200 7132
::1 - - [30/Nov/2015:09:59:14 +0100] "GET /phpmyadmin/index.php?ajax_request=1&recent_table=1&token=7c654a06f95f411c9d69d4d01e119491 HTTP/1.1" 200 338
::1 - - [30/Nov/2015:10:01:58 +0100] "GET /phpmyadmin/navigation.php?ajax_request=1&token=7c654a06f95f411c9d69d4d01e119491&aPath=cm9vdA%3D%3D.dml2ZXNnb2Fs.dGFibGVz.cGVyc29vbg%3D%3D&vPath=cm9vdA%3D%3D.dml2ZXNnb2Fs.VGFibGVz.cGVyc29vbg%3D%3D&pos=0&pos2_name=tables&pos2_value=0&searchClause=&searchClause2=&_nocache=1448874118176105577 HTTP/1.1" 200 3439
::1 - - [30/Nov/2015:10:01:59 +0100] "GET /phpmyadmin/tbl_structure.php?server=1&db=vivesgoal&table=persoon&token=7c654a06f95f411c9d69d4d01e119491&ajax_request=true&ajax_page_request=true&menuHashes=6e4a69dd-eb220893&_nocache=1448874119183770685 HTTP/1.1" 200 45835
::1 - - [30/Nov/2015:10:01:59 +0100] "GET /phpmyadmin/index.php?ajax_request=1&recent_table=1&token=7c654a06f95f411c9d69d4d01e119491 HTTP/1.1" 200 338
::1 - - [30/Nov/2015:10:02:03 +0100] "GET /phpmyadmin/sql.php?db=vivesgoal&table=persoon&token=7c654a06f95f411c9d69d4d01e119491&pos=0&ajax_request=true&ajax_page_request=true&menuHashes=6e4a69dd-eb220893-3c724cf5&_nocache=1448874123243651938 HTTP/1.1" 200 22453
::1 - - [30/Nov/2015:10:02:03 +0100] "GET /phpmyadmin/js/get_scripts.js.php?scripts[]=makegrid.js&scripts[]=sql.js HTTP/1.1" 200 35099
::1 - - [30/Nov/2015:10:02:03 +0100] "GET /phpmyadmin/index.php?ajax_request=1&recent_table=1&token=7c654a06f95f411c9d69d4d01e119491 HTTP/1.1" 200 338
::1 - - [30/Nov/2015:10:02:07 +0100] "POST /phpmyadmin/tbl_row_action.php HTTP/1.1" 200 13169
::1 - - [30/Nov/2015:10:02:07 +0100] "GET /phpmyadmin/index.php?ajax_request=1&recent_table=1&token=7c654a06f95f411c9d69d4d01e119491 HTTP/1.1" 200 338
::1 - - [30/Nov/2015:10:04:05 +0100] "GET /phpmyadmin/db_structure.php?server=1&db=vivesgoal&token=7c654a06f95f411c9d69d4d01e119491&ajax_request=true&ajax_page_request=true&_nocache=1448874245074545621 HTTP/1.1" 200 15202
::1 - - [30/Nov/2015:10:04:05 +0100] "GET /phpmyadmin/js/get_scripts.js.php?scripts[]=db_structure.js&scripts[]=tbl_change.js HTTP/1.1" 200 12382
::1 - - [30/Nov/2015:10:04:07 +0100] "GET /phpmyadmin/navigation.php?ajax_request=1&token=7c654a06f95f411c9d69d4d01e119491&aPath=cm9vdA%3D%3D.dml2ZXNnb2Fs&vPath=cm9vdA%3D%3D.dml2ZXNnb2Fs&pos=0&pos2_name=&pos2_value=&searchClause=&searchClause2=&_nocache=1448874247271268699 HTTP/1.1" 200 2111
::1 - - [30/Nov/2015:10:04:08 +0100] "GET /phpmyadmin/tbl_structure.php?server=1&db=vivesgoal&table=persoon&token=7c654a06f95f411c9d69d4d01e119491&ajax_request=true&ajax_page_request=true&menuHashes=7ec41276&_nocache=1448874248491617284 HTTP/1.1" 200 45835
::1 - - [30/Nov/2015:10:04:08 +0100] "GET /phpmyadmin/js/get_scripts.js.php?scripts[]=tbl_structure.js HTTP/1.1" 200 7496
::1 - - [30/Nov/2015:10:04:08 +0100] "GET /phpmyadmin/index.php?ajax_request=1&recent_table=1&token=7c654a06f95f411c9d69d4d01e119491 HTTP/1.1" 200 338
::1 - - [30/Nov/2015:10:04:10 +0100] "GET /phpmyadmin/sql.php?db=vivesgoal&table=persoon&token=7c654a06f95f411c9d69d4d01e119491&pos=0&ajax_request=true&ajax_page_request=true&menuHashes=7ec41276-3c724cf5&_nocache=1448874250534270785 HTTP/1.1" 200 36104
::1 - - [30/Nov/2015:10:04:10 +0100] "GET /phpmyadmin/js/get_scripts.js.php?scripts[]=gis_data_editor.js&scripts[]=makegrid.js&scripts[]=sql.js HTTP/1.1" 200 42791
::1 - - [30/Nov/2015:10:04:10 +0100] "GET /phpmyadmin/index.php?ajax_request=1&recent_table=1&token=7c654a06f95f411c9d69d4d01e119491 HTTP/1.1" 200 338
::1 - - [30/Nov/2015:10:04:18 +0100] "POST /phpmyadmin/tbl_row_action.php HTTP/1.1" 200 14417
::1 - - [30/Nov/2015:10:04:19 +0100] "GET /phpmyadmin/index.php?ajax_request=1&recent_table=1&token=7c654a06f95f411c9d69d4d01e119491 HTTP/1.1" 200 338
::1 - - [30/Nov/2015:10:04:26 +0100] "POST /phpmyadmin/tbl_row_action.php HTTP/1.1" 302 10255
::1 - - [30/Nov/2015:10:04:27 +0100] "GET /phpmyadmin/tbl_structure.php?db=vivesgoal&table=persoon&token=7c654a06f95f411c9d69d4d01e119491&sql_query=SELECT+%2A+FROM+%60persoon%60&message=%3Cimg+src%3D%22themes%2Fdot.gif%22+title%3D%22%22+alt%3D%22%22+class%3D%22icon+ic_s_success%22+%2F%3E+MySQL+returned+an+empty+result+set+%28i.e.+zero+rows%29.+%28Query+took+0.0003+sec%29 HTTP/1.1" 200 49211
::1 - - [30/Nov/2015:10:04:37 +0100] "GET /phpmyadmin/navigation.php?ajax_request=1&token=7c654a06f95f411c9d69d4d01e119491&aPath=cm9vdA%3D%3D.dml2ZXNnb2Fs&vPath=cm9vdA%3D%3D.dml2ZXNnb2Fs&pos=0&pos2_name=&pos2_value=&searchClause=&searchClause2=&_nocache=1448874277942630012 HTTP/1.1" 200 2111
::1 - - [30/Nov/2015:10:04:39 +0100] "GET /phpmyadmin/sql.php?server=1&db=vivesgoal&table=persoon&pos=0&token=7c654a06f95f411c9d69d4d01e119491&ajax_request=true&ajax_page_request=true&_nocache=1448874279291130435 HTTP/1.1" 200 10247
::1 - - [30/Nov/2015:10:04:39 +0100] "GET /phpmyadmin/index.php?ajax_request=1&recent_table=1&token=7c654a06f95f411c9d69d4d01e119491 HTTP/1.1" 200 338
::1 - - [30/Nov/2015:10:05:35 +0100] "GET /phpmyadmin/tbl_sql.php?db=vivesgoal&table=persoon&token=7c654a06f95f411c9d69d4d01e119491&ajax_request=true&ajax_page_request=true&menuHashes=6e4a69dd&_nocache=1448874335756395300 HTTP/1.1" 200 8507
::1 - - [30/Nov/2015:10:05:35 +0100] "GET /phpmyadmin/index.php?ajax_request=1&recent_table=1&token=7c654a06f95f411c9d69d4d01e119491 HTTP/1.1" 200 338
::1 - - [30/Nov/2015:10:06:08 +0100] "POST /phpmyadmin/import.php HTTP/1.1" 200 348
::1 - - [30/Nov/2015:10:06:47 +0100] "POST /phpmyadmin/import.php HTTP/1.1" 200 328
::1 - - [30/Nov/2015:10:08:52 +0100] "POST /phpmyadmin/import.php HTTP/1.1" 200 339
::1 - - [30/Nov/2015:10:08:58 +0100] "POST /phpmyadmin/import.php HTTP/1.1" 200 328
::1 - - [30/Nov/2015:10:09:15 +0100] "POST /phpmyadmin/import.php HTTP/1.1" 200 328
::1 - - [30/Nov/2015:10:09:49 +0100] "POST /phpmyadmin/import.php HTTP/1.1" 200 209
::1 - - [30/Nov/2015:10:13:04 +0100] "GET /phpmyadmin/sql.php?server=1&db=vivesgoal&table=persoon&pos=0&token=7c654a06f95f411c9d69d4d01e119491&ajax_request=true&ajax_page_request=true&menuHashes=6e4a69dd-8ebaa3ad&_nocache=1448874784715459017 HTTP/1.1" 200 22455
::1 - - [30/Nov/2015:10:13:04 +0100] "GET /phpmyadmin/favicon.ico HTTP/1.1" 200 18902
::1 - - [30/Nov/2015:10:13:04 +0100] "GET /phpmyadmin/index.php?ajax_request=1&recent_table=1&token=7c654a06f95f411c9d69d4d01e119491 HTTP/1.1" 200 338
::1 - - [30/Nov/2015:14:34:49 +0100] "GET /phpmyadmin/sql.php?server=1&db=vivesgoal&table=ploeg&pos=0&token=7c654a06f95f411c9d69d4d01e119491&ajax_request=true&ajax_page_request=true&menuHashes=6e4a69dd-8ebaa3ad&_nocache=1448890489217509953 HTTP/1.1" 200 292
::1 - - [30/Nov/2015:14:34:50 +0100] "POST /phpmyadmin/tbl_row_action.php HTTP/1.1" 200 8253
::1 - - [30/Nov/2015:14:34:50 +0100] "GET /phpmyadmin/js/get_scripts.js.php?scripts[]=jquery/jquery-1.8.3.js&scripts[]=ajax.js&scripts[]=keyhandler.js&scripts[]=jquery/jquery-ui-1.9.2.custom.js&scripts[]=jquery/jquery.sprintf.js&scripts[]=jquery/jquery.cookie.js&scripts[]=jquery/jquery.mousewheel.js&scripts[]=jquery/jquery.event.drag-2.2.js&scripts[]=jquery/jquery-ui-timepicker-addon.js&scripts[]=jquery/jquery.ba-hashchange-1.3.js&scripts[]=jquery/jquery.debounce-1.0.5.js&scripts[]=jquery/jquery.menuResizer-1.0.js&scripts[]=rte.js&scripts[]=functions.js&scripts[]=navigation.js&scripts[]=indexes.js&scripts[]=common.js&scripts[]=codemirror/lib/codemirror.js&scripts[]=codemirror/mode/mysql/mysql.js HTTP/1.1" 200 578562
::1 - - [30/Nov/2015:14:34:50 +0100] "GET /phpmyadmin/themes/pmahomme/jquery/jquery-ui-1.9.2.custom.css HTTP/1.1" 304 -
::1 - - [30/Nov/2015:14:34:50 +0100] "GET /phpmyadmin/themes/pmahomme/img/logo_right.png HTTP/1.1" 304 -
::1 - - [30/Nov/2015:14:34:50 +0100] "GET /phpmyadmin/phpmyadmin.css.php?server=1&token=7c654a06f95f411c9d69d4d01e119491&nocache=4344809540ltr HTTP/1.1" 200 88608
::1 - - [30/Nov/2015:14:34:50 +0100] "GET /phpmyadmin/js/messages.php?lang=en&db=vivesgoal&server=0&token=7c654a06f95f411c9d69d4d01e119491 HTTP/1.1" 200 16674
::1 - - [30/Nov/2015:14:34:50 +0100] "GET /phpmyadmin/js/get_image.js.php?theme=pmahomme HTTP/1.1" 200 6263
::1 - - [30/Nov/2015:14:34:50 +0100] "GET /phpmyadmin/themes/dot.gif HTTP/1.1" 304 -
::1 - - [30/Nov/2015:14:34:50 +0100] "GET /phpmyadmin/sql.php?db=vivesgoal&table=persoon&server=1&target=&token=7c654a06f95f411c9d69d4d01e119491 HTTP/1.1" 200 8207
::1 - - [30/Nov/2015:14:34:50 +0100] "GET /phpmyadmin/js/messages.php?lang=en&db=vivesgoal&token=7c654a06f95f411c9d69d4d01e119491 HTTP/1.1" 200 16674
::1 - - [30/Nov/2015:14:34:52 +0100] "POST /phpmyadmin/index.php HTTP/1.1" 302 -
::1 - - [30/Nov/2015:14:34:52 +0100] "GET /phpmyadmin/index.php?db=vivesgoal&table=persoon&target=sql.php&token=7c654a06f95f411c9d69d4d01e119491 HTTP/1.1" 200 15223
::1 - - [30/Nov/2015:14:34:52 +0100] "GET /phpmyadmin/js/get_scripts.js.php?scripts[]=jquery/jquery-1.8.3.js&scripts[]=ajax.js&scripts[]=keyhandler.js&scripts[]=jquery/jquery-ui-1.9.2.custom.js&scripts[]=jquery/jquery.sprintf.js&scripts[]=jquery/jquery.cookie.js&scripts[]=jquery/jquery.mousewheel.js&scripts[]=jquery/jquery.event.drag-2.2.js&scripts[]=jquery/jquery-ui-timepicker-addon.js&scripts[]=jquery/jquery.ba-hashchange-1.3.js&scripts[]=jquery/jquery.debounce-1.0.5.js&scripts[]=jquery/jquery.menuResizer-1.0.js&scripts[]=rte.js&scripts[]=functions.js&scripts[]=navigation.js&scripts[]=indexes.js&scripts[]=common.js&scripts[]=tbl_change.js&scripts[]=tbl_structure.js&scripts[]=gis_data_editor.js&scripts[]=codemirror/lib/codemirror.js&scripts[]=codemirror/mode/mysql/mysql.js HTTP/1.1" 200 600765
::1 - - [30/Nov/2015:14:34:52 +0100] "GET /phpmyadmin/phpmyadmin.css.php?server=1&token=7c654a06f95f411c9d69d4d01e119491&nocache=5793678563ltr HTTP/1.1" 200 88608
::1 - - [30/Nov/2015:14:34:53 +0100] "GET /phpmyadmin/index.php?ajax_request=1&recent_table=1&token=7c654a06f95f411c9d69d4d01e119491 HTTP/1.1" 200 338
::1 - - [30/Nov/2015:14:34:54 +0100] "GET /phpmyadmin/db_structure.php?server=1&db=vivesgoal&token=7c654a06f95f411c9d69d4d01e119491&ajax_request=true&ajax_page_request=true&menuHashes=ec334a17&_nocache=1448890494420853506 HTTP/1.1" 200 15205
::1 - - [30/Nov/2015:14:34:54 +0100] "GET /phpmyadmin/js/get_scripts.js.php?scripts[]=db_structure.js HTTP/1.1" 200 5367
::1 - - [30/Nov/2015:14:34:55 +0100] "GET /phpmyadmin/navigation.php?ajax_request=1&token=7c654a06f95f411c9d69d4d01e119491&aPath=cm9vdA%3D%3D.dml2ZXNnb2Fs&vPath=cm9vdA%3D%3D.dml2ZXNnb2Fs&pos=0&pos2_name=&pos2_value=&searchClause=&searchClause2=&_nocache=1448890495851784498 HTTP/1.1" 200 2111
::1 - - [30/Nov/2015:14:34:57 +0100] "GET /phpmyadmin/tbl_structure.php?server=1&db=vivesgoal&table=ploeg&token=7c654a06f95f411c9d69d4d01e119491&ajax_request=true&ajax_page_request=true&menuHashes=ec334a17-7ec41276&_nocache=1448890497469488319 HTTP/1.1" 200 34688
::1 - - [30/Nov/2015:14:34:57 +0100] "GET /phpmyadmin/index.php?ajax_request=1&recent_table=1&token=7c654a06f95f411c9d69d4d01e119491 HTTP/1.1" 200 338
